<?xml version="1.0" encoding="UTF-8"?>
<testsuite xmlns:xsi="http://www.w3.org/2001/XMLSchema-instance" xsi:noNamespaceSchemaLocation="https://maven.apache.org/surefire/maven-surefire-plugin/xsd/surefire-test-report.xsd" name="com.example.ProductDaoTest" time="1.071" tests="1" errors="1" skipped="0" failures="0">
  <properties>
[...]
</properties>
  <testcase name="addProduct" classname="com.example.ProductDaoTest" time="0.834">
    <error type="java.lang.NullPointerException">java.lang.NullPointerException
	at com.example.ProductDaoTest.addProduct(ProductDaoTest.java:20)
</error>
  </testcase>
</testsuite>